<?xml version="1.0" encoding="UTF-8"?>
<coverage generated="1595870179196" clover="3.2.0">
  <project timestamp="1595870179197" name="All files">
    <metrics statements="162" coveredstatements="141" conditionals="84" coveredconditionals="64" methods="25" coveredmethods="22" elements="271" coveredelements="227" complexity="0" loc="162" ncloc="162" packages="1" files="2" classes="2"/>
    <file name="execCmd.js" path="/Users/stanleyyip/khan/gerald/src/execCmd.js">
      <metrics statements="13" coveredstatements="3" conditionals="2" coveredconditionals="0" methods="3" coveredmethods="0"/>
      <line num="3" count="1" type="stmt"/>
      <line num="11" count="1" type="stmt"/>
      <line num="12" count="0" type="stmt"/>
      <line num="13" count="0" type="stmt"/>
      <line num="14" count="0" type="stmt"/>
      <line num="16" count="0" type="stmt"/>
      <line num="18" count="0" type="stmt"/>
      <line num="21" count="0" type="stmt"/>
      <line num="24" count="0" type="stmt"/>
      <line num="25" count="0" type="cond" truecount="0" falsecount="2"/>
      <line num="26" count="0" type="stmt"/>
      <line num="29" count="0" type="stmt"/>
      <line num="32" count="1" type="stmt"/>
    </file>
    <file name="utils.js" path="/Users/stanleyyip/khan/gerald/src/utils.js">
      <metrics statements="149" coveredstatements="138" conditionals="82" coveredconditionals="64" methods="22" coveredmethods="22"/>
      <line num="9" count="1" type="stmt"/>
      <line num="26" count="1" type="stmt"/>
      <line num="32" count="8" type="stmt"/>
      <line num="33" count="8" type="stmt"/>
      <line num="34" count="8" type="cond" truecount="2" falsecount="0"/>
      <line num="35" count="7" type="cond" truecount="2" falsecount="0"/>
      <line num="36" count="3" type="cond" truecount="2" falsecount="0"/>
      <line num="37" count="2" type="stmt"/>
      <line num="40" count="4" type="stmt"/>
      <line num="51" count="1" type="stmt"/>
      <line num="52" count="7" type="stmt"/>
      <line num="53" count="7" type="cond" truecount="2" falsecount="0"/>
      <line num="54" count="1" type="stmt"/>
      <line num="56" count="6" type="stmt"/>
      <line num="57" count="6" type="stmt"/>
      <line num="66" count="1" type="stmt"/>
      <line num="69" count="11" type="stmt"/>
      <line num="70" count="11" type="cond" truecount="3" falsecount="1"/>
      <line num="71" count="11" type="stmt"/>
      <line num="72" count="11" type="stmt"/>
      <line num="78" count="0" type="stmt"/>
      <line num="87" count="1" type="stmt"/>
      <line num="88" count="15" type="cond" truecount="2" falsecount="0"/>
      <line num="89" count="2" type="stmt"/>
      <line num="90" count="5" type="cond" truecount="2" falsecount="0"/>
      <line num="91" count="4" type="stmt"/>
      <line num="95" count="13" type="stmt"/>
      <line num="107" count="1" type="stmt"/>
      <line num="112" count="8" type="cond" truecount="1" falsecount="1"/>
      <line num="113" count="0" type="stmt"/>
      <line num="118" count="8" type="cond" truecount="1" falsecount="1"/>
      <line num="122" count="0" type="stmt"/>
      <line num="127" count="8" type="cond" truecount="2" falsecount="0"/>
      <line num="128" count="5" type="stmt"/>
      <line num="134" count="3" type="cond" truecount="2" falsecount="0"/>
      <line num="135" count="2" type="stmt"/>
      <line num="137" count="1" type="stmt"/>
      <line num="139" count="7" type="stmt"/>
      <line num="150" count="1" type="stmt"/>
      <line num="157" count="14" type="stmt"/>
      <line num="161" count="14" type="stmt"/>
      <line num="162" count="14" type="cond" truecount="1" falsecount="1"/>
      <line num="163" count="0" type="stmt"/>
      <line num="165" count="14" type="stmt"/>
      <line num="179" count="1" type="stmt"/>
      <line num="185" count="3" type="cond" truecount="1" falsecount="1"/>
      <line num="186" count="3" type="stmt"/>
      <line num="187" count="3" type="cond" truecount="1" falsecount="1"/>
      <line num="188" count="0" type="stmt"/>
      <line num="191" count="3" type="stmt"/>
      <line num="192" count="3" type="stmt"/>
      <line num="193" count="3" type="stmt"/>
      <line num="194" count="3" type="cond" truecount="1" falsecount="1"/>
      <line num="195" count="3" type="stmt"/>
      <line num="196" count="7" type="stmt"/>
      <line num="197" count="7" type="stmt"/>
      <line num="198" count="7" type="cond" truecount="3" falsecount="1"/>
      <line num="199" count="0" type="stmt"/>
      <line num="202" count="7" type="stmt"/>
      <line num="205" count="7" type="cond" truecount="4" falsecount="0"/>
      <line num="206" count="2" type="stmt"/>
      <line num="207" count="2" type="stmt"/>
      <line num="208" count="2" type="stmt"/>
      <line num="213" count="5" type="stmt"/>
      <line num="217" count="5" type="stmt"/>
      <line num="218" count="42" type="stmt"/>
      <line num="220" count="5" type="stmt"/>
      <line num="221" count="8" type="stmt"/>
      <line num="226" count="3" type="stmt"/>
      <line num="237" count="1" type="stmt"/>
      <line num="243" count="2" type="cond" truecount="1" falsecount="1"/>
      <line num="244" count="2" type="stmt"/>
      <line num="246" count="2" type="cond" truecount="1" falsecount="1"/>
      <line num="247" count="0" type="stmt"/>
      <line num="250" count="2" type="stmt"/>
      <line num="251" count="2" type="stmt"/>
      <line num="252" count="2" type="stmt"/>
      <line num="253" count="2" type="cond" truecount="1" falsecount="1"/>
      <line num="254" count="0" type="stmt"/>
      <line num="257" count="2" type="stmt"/>
      <line num="258" count="2" type="stmt"/>
      <line num="259" count="7" type="stmt"/>
      <line num="260" count="7" type="stmt"/>
      <line num="261" count="7" type="cond" truecount="4" falsecount="0"/>
      <line num="262" count="1" type="stmt"/>
      <line num="265" count="6" type="stmt"/>
      <line num="268" count="6" type="cond" truecount="4" falsecount="0"/>
      <line num="269" count="2" type="stmt"/>
      <line num="271" count="2" type="stmt"/>
      <line num="272" count="2" type="stmt"/>
      <line num="274" count="2" type="cond" truecount="1" falsecount="1"/>
      <line num="275" count="0" type="stmt"/>
      <line num="278" count="2" type="cond" truecount="1" falsecount="1"/>
      <line num="279" count="2" type="stmt"/>
      <line num="282" count="4" type="stmt"/>
      <line num="286" count="4" type="stmt"/>
      <line num="287" count="34" type="stmt"/>
      <line num="288" count="4" type="stmt"/>
      <line num="290" count="7" type="stmt"/>
      <line num="291" count="7" type="cond" truecount="2" falsecount="0"/>
      <line num="292" count="2" type="stmt"/>
      <line num="295" count="5" type="cond" truecount="2" falsecount="0"/>
      <line num="296" count="5" type="stmt"/>
      <line num="300" count="2" type="stmt"/>
      <line num="312" count="1" type="stmt"/>
      <line num="318" count="1" type="stmt"/>
      <line num="319" count="2" type="stmt"/>
      <line num="320" count="2" type="cond" truecount="2" falsecount="0"/>
      <line num="321" count="1" type="stmt"/>
      <line num="323" count="2" type="cond" truecount="1" falsecount="1"/>
      <line num="324" count="0" type="stmt"/>
      <line num="326" count="2" type="cond" truecount="1" falsecount="1"/>
      <line num="327" count="0" type="stmt"/>
      <line num="331" count="1" type="stmt"/>
      <line num="334" count="2" type="stmt"/>
      <line num="337" count="2" type="stmt"/>
      <line num="338" count="1" type="stmt"/>
      <line num="339" count="2" type="stmt"/>
      <line num="341" count="1" type="stmt"/>
      <line num="342" count="2" type="stmt"/>
      <line num="343" count="1" type="stmt"/>
      <line num="344" count="1" type="stmt"/>
      <line num="353" count="1" type="stmt"/>
      <line num="361" count="1" type="stmt"/>
      <line num="362" count="1" type="stmt"/>
      <line num="365" count="1" type="stmt"/>
      <line num="367" count="6" type="cond" truecount="2" falsecount="0"/>
      <line num="368" count="5" type="stmt"/>
      <line num="370" count="1" type="stmt"/>
      <line num="371" count="1" type="cond" truecount="1" falsecount="1"/>
      <line num="372" count="1" type="stmt"/>
      <line num="377" count="1" type="stmt"/>
      <line num="378" count="5" type="stmt"/>
      <line num="379" count="5" type="cond" truecount="2" falsecount="0"/>
      <line num="380" count="1" type="stmt"/>
      <line num="384" count="1" type="stmt"/>
      <line num="391" count="1" type="stmt"/>
      <line num="393" count="1" type="stmt"/>
      <line num="394" count="1" type="stmt"/>
      <line num="396" count="1" type="stmt"/>
      <line num="398" count="3" type="stmt"/>
      <line num="399" count="3" type="cond" truecount="2" falsecount="0"/>
      <line num="400" count="2" type="stmt"/>
      <line num="404" count="1" type="stmt"/>
      <line num="407" count="1" type="stmt"/>
      <line num="408" count="1" type="stmt"/>
      <line num="409" count="1" type="stmt"/>
      <line num="410" count="1" type="stmt"/>
      <line num="411" count="1" type="stmt"/>
    </file>
  </project>
</coverage>
