{"/Users/stanleyyip/khan/gerald/src/execCmd.js": {"path":"/Users/stanleyyip/khan/gerald/src/execCmd.js","statementMap":{"0":{"start":{"line":3,"column":13},"end":{"line":3,"column":37}},"1":{"start":{"line":11,"column":16},"end":{"line":30,"column":1}},"2":{"start":{"line":12,"column":17},"end":{"line":12,"column":19}},"3":{"start":{"line":13,"column":16},"end":{"line":13,"column":18}},"4":{"start":{"line":14,"column":20},"end":{"line":14,"column":22}},"5":{"start":{"line":16,"column":4},"end":{"line":23,"column":6}},"6":{"start":{"line":18,"column":12},"end":{"line":18,"column":38}},"7":{"start":{"line":21,"column":12},"end":{"line":21,"column":37}},"8":{"start":{"line":24,"column":4},"end":{"line":24,"column":40}},"9":{"start":{"line":25,"column":4},"end":{"line":27,"column":5}},"10":{"start":{"line":26,"column":8},"end":{"line":26,"column":20}},"11":{"start":{"line":29,"column":4},"end":{"line":29,"column":18}},"12":{"start":{"line":32,"column":0},"end":{"line":32,"column":27}}},"fnMap":{"0":{"name":"(anonymous_0)","decl":{"start":{"line":11,"column":16},"end":{"line":11,"column":17}},"loc":{"start":{"line":11,"column":72},"end":{"line":30,"column":1}},"line":11},"1":{"name":"(anonymous_1)","decl":{"start":{"line":17,"column":16},"end":{"line":17,"column":17}},"loc":{"start":{"line":17,"column":24},"end":{"line":19,"column":9}},"line":17},"2":{"name":"(anonymous_2)","decl":{"start":{"line":20,"column":16},"end":{"line":20,"column":17}},"loc":{"start":{"line":20,"column":24},"end":{"line":22,"column":9}},"line":20}},"branchMap":{"0":{"loc":{"start":{"line":25,"column":4},"end":{"line":27,"column":5}},"type":"if","locations":[{"start":{"line":25,"column":4},"end":{"line":27,"column":5}},{"start":{"line":25,"column":4},"end":{"line":27,"column":5}}],"line":25}},"s":{"0":1,"1":1,"2":0,"3":0,"4":0,"5":0,"6":0,"7":0,"8":0,"9":0,"10":0,"11":0,"12":1},"f":{"0":0,"1":0,"2":0},"b":{"0":[0,0]},"_coverageSchema":"1a1c01bbd47fc00a2c39e90264f33305004495a9","hash":"86ef68bc8667557bcbbd005d9778cea2bf888353"}
,"/Users/stanleyyip/khan/gerald/src/utils.js": {"path":"/Users/stanleyyip/khan/gerald/src/utils.js","statementMap":{"0":{"start":{"line":9,"column":29},"end":{"line":14,"column":1}},"1":{"start":{"line":26,"column":24},"end":{"line":44,"column":1}},"2":{"start":{"line":32,"column":4},"end":{"line":43,"column":5}},"3":{"start":{"line":33,"column":21},"end":{"line":33,"column":36}},"4":{"start":{"line":34,"column":8},"end":{"line":42,"column":9}},"5":{"start":{"line":35,"column":12},"end":{"line":41,"column":13}},"6":{"start":{"line":36,"column":16},"end":{"line":38,"column":17}},"7":{"start":{"line":37,"column":20},"end":{"line":37,"column":52}},"8":{"start":{"line":40,"column":16},"end":{"line":40,"column":46}},"9":{"start":{"line":51,"column":29},"end":{"line":58,"column":1}},"10":{"start":{"line":52,"column":18},"end":{"line":52,"column":55}},"11":{"start":{"line":53,"column":4},"end":{"line":55,"column":5}},"12":{"start":{"line":54,"column":8},"end":{"line":54,"column":62}},"13":{"start":{"line":56,"column":42},"end":{"line":56,"column":47}},"14":{"start":{"line":57,"column":4},"end":{"line":57,"column":48}},"15":{"start":{"line":66,"column":22},"end":{"line":79,"column":1}},"16":{"start":{"line":69,"column":21},"end":{"line":69,"column":45}},"17":{"start":{"line":70,"column":4},"end":{"line":77,"column":5}},"18":{"start":{"line":71,"column":27},"end":{"line":71,"column":49}},"19":{"start":{"line":72,"column":8},"end":{"line":76,"column":10}},"20":{"start":{"line":78,"column":4},"end":{"line":78,"column":57}},"21":{"start":{"line":87,"column":23},"end":{"line":97,"column":1}},"22":{"start":{"line":88,"column":4},"end":{"line":96,"column":5}},"23":{"start":{"line":89,"column":8},"end":{"line":93,"column":9}},"24":{"start":{"line":90,"column":12},"end":{"line":92,"column":13}},"25":{"start":{"line":91,"column":16},"end":{"line":91,"column":41}},"26":{"start":{"line":95,"column":8},"end":{"line":95,"column":30}},"27":{"start":{"line":107,"column":33},"end":{"line":140,"column":1}},"28":{"start":{"line":112,"column":4},"end":{"line":116,"column":5}},"29":{"start":{"line":113,"column":8},"end":{"line":115,"column":10}},"30":{"start":{"line":118,"column":4},"end":{"line":125,"column":5}},"31":{"start":{"line":122,"column":8},"end":{"line":124,"column":10}},"32":{"start":{"line":127,"column":4},"end":{"line":138,"column":5}},"33":{"start":{"line":128,"column":8},"end":{"line":131,"column":82}},"34":{"start":{"line":134,"column":9},"end":{"line":138,"column":5}},"35":{"start":{"line":135,"column":8},"end":{"line":135,"column":101}},"36":{"start":{"line":137,"column":8},"end":{"line":137,"column":78}},"37":{"start":{"line":139,"column":4},"end":{"line":139,"column":39}},"38":{"start":{"line":150,"column":18},"end":{"line":169,"column":1}},"39":{"start":{"line":157,"column":4},"end":{"line":168,"column":7}},"40":{"start":{"line":161,"column":18},"end":{"line":167,"column":10}},"41":{"start":{"line":162,"column":12},"end":{"line":166,"column":13}},"42":{"start":{"line":163,"column":16},"end":{"line":163,"column":25}},"43":{"start":{"line":165,"column":16},"end":{"line":165,"column":64}},"44":{"start":{"line":179,"column":27},"end":{"line":227,"column":1}},"45":{"start":{"line":185,"column":16},"end":{"line":185,"column":77}},"46":{"start":{"line":186,"column":20},"end":{"line":186,"column":58}},"47":{"start":{"line":187,"column":4},"end":{"line":189,"column":5}},"48":{"start":{"line":188,"column":8},"end":{"line":188,"column":18}},"49":{"start":{"line":191,"column":20},"end":{"line":191,"column":52}},"50":{"start":{"line":192,"column":34},"end":{"line":192,"column":36}},"51":{"start":{"line":193,"column":90},"end":{"line":193,"column":92}},"52":{"start":{"line":194,"column":4},"end":{"line":225,"column":5}},"53":{"start":{"line":195,"column":8},"end":{"line":224,"column":9}},"54":{"start":{"line":196,"column":37},"end":{"line":196,"column":63}},"55":{"start":{"line":197,"column":26},"end":{"line":197,"column":60}},"56":{"start":{"line":198,"column":12},"end":{"line":200,"column":13}},"57":{"start":{"line":199,"column":16},"end":{"line":199,"column":25}},"58":{"start":{"line":202,"column":28},"end":{"line":202,"column":54}},"59":{"start":{"line":205,"column":12},"end":{"line":223,"column":13}},"60":{"start":{"line":206,"column":30},"end":{"line":206,"column":59}},"61":{"start":{"line":207,"column":16},"end":{"line":209,"column":17}},"62":{"start":{"line":208,"column":20},"end":{"line":208,"column":70}},"63":{"start":{"line":213,"column":49},"end":{"line":216,"column":18}},"64":{"start":{"line":217,"column":16},"end":{"line":217,"column":48}},"65":{"start":{"line":218,"column":37},"end":{"line":218,"column":93}},"66":{"start":{"line":218,"column":65},"end":{"line":218,"column":92}},"67":{"start":{"line":220,"column":16},"end":{"line":222,"column":17}},"68":{"start":{"line":221,"column":20},"end":{"line":221,"column":65}},"69":{"start":{"line":226,"column":4},"end":{"line":226,"column":20}},"70":{"start":{"line":237,"column":28},"end":{"line":301,"column":1}},"71":{"start":{"line":243,"column":16},"end":{"line":243,"column":78}},"72":{"start":{"line":244,"column":20},"end":{"line":244,"column":71}},"73":{"start":{"line":246,"column":4},"end":{"line":248,"column":5}},"74":{"start":{"line":247,"column":8},"end":{"line":247,"column":54}},"75":{"start":{"line":250,"column":20},"end":{"line":250,"column":52}},"76":{"start":{"line":251,"column":54},"end":{"line":251,"column":56}},"77":{"start":{"line":252,"column":62},"end":{"line":252,"column":64}},"78":{"start":{"line":253,"column":4},"end":{"line":255,"column":5}},"79":{"start":{"line":254,"column":8},"end":{"line":254,"column":46}},"80":{"start":{"line":257,"column":90},"end":{"line":257,"column":92}},"81":{"start":{"line":258,"column":4},"end":{"line":299,"column":5}},"82":{"start":{"line":259,"column":33},"end":{"line":259,"column":59}},"83":{"start":{"line":260,"column":22},"end":{"line":260,"column":56}},"84":{"start":{"line":261,"column":8},"end":{"line":263,"column":9}},"85":{"start":{"line":262,"column":12},"end":{"line":262,"column":21}},"86":{"start":{"line":265,"column":24},"end":{"line":265,"column":50}},"87":{"start":{"line":268,"column":8},"end":{"line":298,"column":9}},"88":{"start":{"line":269,"column":26},"end":{"line":269,"column":55}},"89":{"start":{"line":271,"column":12},"end":{"line":280,"column":13}},"90":{"start":{"line":272,"column":57},"end":{"line":272,"column":76}},"91":{"start":{"line":274,"column":16},"end":{"line":276,"column":17}},"92":{"start":{"line":275,"column":20},"end":{"line":275,"column":29}},"93":{"start":{"line":278,"column":35},"end":{"line":278,"column":77}},"94":{"start":{"line":279,"column":16},"end":{"line":279,"column":72}},"95":{"start":{"line":282,"column":45},"end":{"line":285,"column":14}},"96":{"start":{"line":286,"column":12},"end":{"line":286,"column":44}},"97":{"start":{"line":287,"column":33},"end":{"line":287,"column":89}},"98":{"start":{"line":287,"column":61},"end":{"line":287,"column":88}},"99":{"start":{"line":288,"column":12},"end":{"line":297,"column":13}},"100":{"start":{"line":290,"column":57},"end":{"line":290,"column":76}},"101":{"start":{"line":291,"column":16},"end":{"line":293,"column":17}},"102":{"start":{"line":292,"column":20},"end":{"line":292,"column":29}},"103":{"start":{"line":295,"column":35},"end":{"line":295,"column":77}},"104":{"start":{"line":296,"column":16},"end":{"line":296,"column":67}},"105":{"start":{"line":300,"column":4},"end":{"line":300,"column":42}},"106":{"start":{"line":312,"column":32},"end":{"line":345,"column":1}},"107":{"start":{"line":318,"column":4},"end":{"line":329,"column":5}},"108":{"start":{"line":319,"column":25},"end":{"line":319,"column":39}},"109":{"start":{"line":320,"column":8},"end":{"line":322,"column":9}},"110":{"start":{"line":321,"column":12},"end":{"line":321,"column":39}},"111":{"start":{"line":323,"column":8},"end":{"line":325,"column":9}},"112":{"start":{"line":324,"column":12},"end":{"line":324,"column":47}},"113":{"start":{"line":326,"column":8},"end":{"line":328,"column":9}},"114":{"start":{"line":327,"column":12},"end":{"line":327,"column":38}},"115":{"start":{"line":331,"column":35},"end":{"line":337,"column":53}},"116":{"start":{"line":334,"column":38},"end":{"line":334,"column":88}},"117":{"start":{"line":337,"column":35},"end":{"line":337,"column":52}},"118":{"start":{"line":338,"column":28},"end":{"line":340,"column":5}},"119":{"start":{"line":339,"column":30},"end":{"line":339,"column":60}},"120":{"start":{"line":341,"column":26},"end":{"line":343,"column":64}},"121":{"start":{"line":342,"column":38},"end":{"line":342,"column":67}},"122":{"start":{"line":343,"column":38},"end":{"line":343,"column":63}},"123":{"start":{"line":344,"column":4},"end":{"line":344,"column":44}},"124":{"start":{"line":353,"column":37},"end":{"line":385,"column":1}},"125":{"start":{"line":361,"column":35},"end":{"line":361,"column":37}},"126":{"start":{"line":362,"column":39},"end":{"line":362,"column":41}},"127":{"start":{"line":365,"column":4},"end":{"line":375,"column":7}},"128":{"start":{"line":367,"column":8},"end":{"line":374,"column":9}},"129":{"start":{"line":368,"column":12},"end":{"line":368,"column":41}},"130":{"start":{"line":370,"column":34},"end":{"line":370,"column":64}},"131":{"start":{"line":371,"column":12},"end":{"line":373,"column":13}},"132":{"start":{"line":372,"column":16},"end":{"line":372,"column":55}},"133":{"start":{"line":377,"column":4},"end":{"line":382,"column":7}},"134":{"start":{"line":378,"column":33},"end":{"line":378,"column":65}},"135":{"start":{"line":379,"column":8},"end":{"line":381,"column":9}},"136":{"start":{"line":380,"column":12},"end":{"line":380,"column":34}},"137":{"start":{"line":384,"column":4},"end":{"line":384,"column":43}},"138":{"start":{"line":391,"column":28},"end":{"line":405,"column":1}},"139":{"start":{"line":393,"column":21},"end":{"line":393,"column":88}},"140":{"start":{"line":394,"column":48},"end":{"line":394,"column":50}},"141":{"start":{"line":396,"column":4},"end":{"line":402,"column":5}},"142":{"start":{"line":398,"column":25},"end":{"line":398,"column":51}},"143":{"start":{"line":399,"column":8},"end":{"line":401,"column":9}},"144":{"start":{"line":400,"column":12},"end":{"line":400,"column":43}},"145":{"start":{"line":404,"column":4},"end":{"line":404,"column":22}},"146":{"start":{"line":407,"column":33},"end":{"line":407,"column":48}},"147":{"start":{"line":408,"column":38},"end":{"line":408,"column":58}},"148":{"start":{"line":409,"column":31},"end":{"line":409,"column":44}},"149":{"start":{"line":410,"column":32},"end":{"line":410,"column":46}},"150":{"start":{"line":411,"column":27},"end":{"line":411,"column":36}}},"fnMap":{"0":{"name":"(anonymous_0)","decl":{"start":{"line":26,"column":24},"end":{"line":26,"column":25}},"loc":{"start":{"line":31,"column":11},"end":{"line":44,"column":1}},"line":31},"1":{"name":"(anonymous_1)","decl":{"start":{"line":51,"column":29},"end":{"line":51,"column":30}},"loc":{"start":{"line":51,"column":58},"end":{"line":58,"column":1}},"line":51},"2":{"name":"(anonymous_2)","decl":{"start":{"line":66,"column":22},"end":{"line":66,"column":23}},"loc":{"start":{"line":68,"column":64},"end":{"line":79,"column":1}},"line":68},"3":{"name":"(anonymous_3)","decl":{"start":{"line":87,"column":23},"end":{"line":87,"column":24}},"loc":{"start":{"line":87,"column":91},"end":{"line":97,"column":1}},"line":87},"4":{"name":"(anonymous_4)","decl":{"start":{"line":107,"column":33},"end":{"line":107,"column":34}},"loc":{"start":{"line":111,"column":5},"end":{"line":140,"column":1}},"line":111},"5":{"name":"(anonymous_5)","decl":{"start":{"line":150,"column":18},"end":{"line":150,"column":19}},"loc":{"start":{"line":156,"column":6},"end":{"line":169,"column":1}},"line":156},"6":{"name":"(anonymous_6)","decl":{"start":{"line":160,"column":7},"end":{"line":160,"column":8}},"loc":{"start":{"line":160,"column":21},"end":{"line":168,"column":5}},"line":160},"7":{"name":"(anonymous_7)","decl":{"start":{"line":161,"column":50},"end":{"line":161,"column":51}},"loc":{"start":{"line":161,"column":91},"end":{"line":167,"column":9}},"line":161},"8":{"name":"(anonymous_8)","decl":{"start":{"line":179,"column":27},"end":{"line":179,"column":28}},"loc":{"start":{"line":184,"column":27},"end":{"line":227,"column":1}},"line":184},"9":{"name":"(anonymous_9)","decl":{"start":{"line":218,"column":57},"end":{"line":218,"column":58}},"loc":{"start":{"line":218,"column":65},"end":{"line":218,"column":92}},"line":218},"10":{"name":"(anonymous_10)","decl":{"start":{"line":237,"column":28},"end":{"line":237,"column":29}},"loc":{"start":{"line":242,"column":72},"end":{"line":301,"column":1}},"line":242},"11":{"name":"(anonymous_11)","decl":{"start":{"line":287,"column":53},"end":{"line":287,"column":54}},"loc":{"start":{"line":287,"column":61},"end":{"line":287,"column":88}},"line":287},"12":{"name":"(anonymous_12)","decl":{"start":{"line":312,"column":32},"end":{"line":312,"column":33}},"loc":{"start":{"line":317,"column":69},"end":{"line":345,"column":1}},"line":317},"13":{"name":"(anonymous_13)","decl":{"start":{"line":334,"column":16},"end":{"line":334,"column":17}},"loc":{"start":{"line":334,"column":38},"end":{"line":334,"column":88}},"line":334},"14":{"name":"(anonymous_14)","decl":{"start":{"line":337,"column":13},"end":{"line":337,"column":14}},"loc":{"start":{"line":337,"column":35},"end":{"line":337,"column":52}},"line":337},"15":{"name":"(anonymous_15)","decl":{"start":{"line":339,"column":8},"end":{"line":339,"column":9}},"loc":{"start":{"line":339,"column":30},"end":{"line":339,"column":60}},"line":339},"16":{"name":"(anonymous_16)","decl":{"start":{"line":342,"column":16},"end":{"line":342,"column":17}},"loc":{"start":{"line":342,"column":38},"end":{"line":342,"column":67}},"line":342},"17":{"name":"(anonymous_17)","decl":{"start":{"line":343,"column":13},"end":{"line":343,"column":14}},"loc":{"start":{"line":343,"column":38},"end":{"line":343,"column":63}},"line":343},"18":{"name":"(anonymous_18)","decl":{"start":{"line":353,"column":37},"end":{"line":353,"column":38}},"loc":{"start":{"line":360,"column":5},"end":{"line":385,"column":1}},"line":360},"19":{"name":"(anonymous_19)","decl":{"start":{"line":365,"column":30},"end":{"line":365,"column":31}},"loc":{"start":{"line":365,"column":38},"end":{"line":375,"column":5}},"line":365},"20":{"name":"(anonymous_20)","decl":{"start":{"line":377,"column":30},"end":{"line":377,"column":31}},"loc":{"start":{"line":377,"column":41},"end":{"line":382,"column":5}},"line":377},"21":{"name":"(anonymous_21)","decl":{"start":{"line":391,"column":28},"end":{"line":391,"column":29}},"loc":{"start":{"line":391,"column":83},"end":{"line":405,"column":1}},"line":391}},"branchMap":{"0":{"loc":{"start":{"line":34,"column":8},"end":{"line":42,"column":9}},"type":"if","locations":[{"start":{"line":34,"column":8},"end":{"line":42,"column":9}},{"start":{"line":34,"column":8},"end":{"line":42,"column":9}}],"line":34},"1":{"loc":{"start":{"line":35,"column":12},"end":{"line":41,"column":13}},"type":"if","locations":[{"start":{"line":35,"column":12},"end":{"line":41,"column":13}},{"start":{"line":35,"column":12},"end":{"line":41,"column":13}}],"line":35},"2":{"loc":{"start":{"line":36,"column":16},"end":{"line":38,"column":17}},"type":"if","locations":[{"start":{"line":36,"column":16},"end":{"line":38,"column":17}},{"start":{"line":36,"column":16},"end":{"line":38,"column":17}}],"line":36},"3":{"loc":{"start":{"line":53,"column":4},"end":{"line":55,"column":5}},"type":"if","locations":[{"start":{"line":53,"column":4},"end":{"line":55,"column":5}},{"start":{"line":53,"column":4},"end":{"line":55,"column":5}}],"line":53},"4":{"loc":{"start":{"line":70,"column":4},"end":{"line":77,"column":5}},"type":"if","locations":[{"start":{"line":70,"column":4},"end":{"line":77,"column":5}},{"start":{"line":70,"column":4},"end":{"line":77,"column":5}}],"line":70},"5":{"loc":{"start":{"line":70,"column":8},"end":{"line":70,"column":31}},"type":"binary-expr","locations":[{"start":{"line":70,"column":8},"end":{"line":70,"column":16}},{"start":{"line":70,"column":20},"end":{"line":70,"column":31}}],"line":70},"6":{"loc":{"start":{"line":88,"column":4},"end":{"line":96,"column":5}},"type":"if","locations":[{"start":{"line":88,"column":4},"end":{"line":96,"column":5}},{"start":{"line":88,"column":4},"end":{"line":96,"column":5}}],"line":88},"7":{"loc":{"start":{"line":90,"column":12},"end":{"line":92,"column":13}},"type":"if","locations":[{"start":{"line":90,"column":12},"end":{"line":92,"column":13}},{"start":{"line":90,"column":12},"end":{"line":92,"column":13}}],"line":90},"8":{"loc":{"start":{"line":112,"column":4},"end":{"line":116,"column":5}},"type":"if","locations":[{"start":{"line":112,"column":4},"end":{"line":116,"column":5}},{"start":{"line":112,"column":4},"end":{"line":116,"column":5}}],"line":112},"9":{"loc":{"start":{"line":118,"column":4},"end":{"line":125,"column":5}},"type":"if","locations":[{"start":{"line":118,"column":4},"end":{"line":125,"column":5}},{"start":{"line":118,"column":4},"end":{"line":125,"column":5}}],"line":118},"10":{"loc":{"start":{"line":119,"column":8},"end":{"line":120,"column":88}},"type":"binary-expr","locations":[{"start":{"line":119,"column":8},"end":{"line":119,"column":27}},{"start":{"line":120,"column":8},"end":{"line":120,"column":88}}],"line":119},"11":{"loc":{"start":{"line":127,"column":4},"end":{"line":138,"column":5}},"type":"if","locations":[{"start":{"line":127,"column":4},"end":{"line":138,"column":5}},{"start":{"line":127,"column":4},"end":{"line":138,"column":5}}],"line":127},"12":{"loc":{"start":{"line":129,"column":12},"end":{"line":131,"column":81}},"type":"cond-expr","locations":[{"start":{"line":130,"column":18},"end":{"line":130,"column":145}},{"start":{"line":131,"column":18},"end":{"line":131,"column":81}}],"line":129},"13":{"loc":{"start":{"line":134,"column":9},"end":{"line":138,"column":5}},"type":"if","locations":[{"start":{"line":134,"column":9},"end":{"line":138,"column":5}},{"start":{"line":134,"column":9},"end":{"line":138,"column":5}}],"line":134},"14":{"loc":{"start":{"line":162,"column":12},"end":{"line":166,"column":13}},"type":"if","locations":[{"start":{"line":162,"column":12},"end":{"line":166,"column":13}},{"start":{"line":162,"column":12},"end":{"line":166,"column":13}}],"line":162},"15":{"loc":{"start":{"line":183,"column":4},"end":{"line":183,"column":38}},"type":"default-arg","locations":[{"start":{"line":183,"column":29},"end":{"line":183,"column":38}}],"line":183},"16":{"loc":{"start":{"line":185,"column":16},"end":{"line":185,"column":77}},"type":"binary-expr","locations":[{"start":{"line":185,"column":16},"end":{"line":185,"column":29}},{"start":{"line":185,"column":33},"end":{"line":185,"column":77}}],"line":185},"17":{"loc":{"start":{"line":187,"column":4},"end":{"line":189,"column":5}},"type":"if","locations":[{"start":{"line":187,"column":4},"end":{"line":189,"column":5}},{"start":{"line":187,"column":4},"end":{"line":189,"column":5}}],"line":187},"18":{"loc":{"start":{"line":194,"column":4},"end":{"line":225,"column":5}},"type":"if","locations":[{"start":{"line":194,"column":4},"end":{"line":225,"column":5}},{"start":{"line":194,"column":4},"end":{"line":225,"column":5}}],"line":194},"19":{"loc":{"start":{"line":198,"column":12},"end":{"line":200,"column":13}},"type":"if","locations":[{"start":{"line":198,"column":12},"end":{"line":200,"column":13}},{"start":{"line":198,"column":12},"end":{"line":200,"column":13}}],"line":198},"20":{"loc":{"start":{"line":198,"column":16},"end":{"line":198,"column":43}},"type":"binary-expr","locations":[{"start":{"line":198,"column":16},"end":{"line":198,"column":33}},{"start":{"line":198,"column":37},"end":{"line":198,"column":43}}],"line":198},"21":{"loc":{"start":{"line":205,"column":12},"end":{"line":223,"column":13}},"type":"if","locations":[{"start":{"line":205,"column":12},"end":{"line":223,"column":13}},{"start":{"line":205,"column":12},"end":{"line":223,"column":13}}],"line":205},"22":{"loc":{"start":{"line":205,"column":16},"end":{"line":205,"column":64}},"type":"binary-expr","locations":[{"start":{"line":205,"column":16},"end":{"line":205,"column":39}},{"start":{"line":205,"column":43},"end":{"line":205,"column":64}}],"line":205},"23":{"loc":{"start":{"line":241,"column":4},"end":{"line":241,"column":38}},"type":"default-arg","locations":[{"start":{"line":241,"column":29},"end":{"line":241,"column":38}}],"line":241},"24":{"loc":{"start":{"line":243,"column":16},"end":{"line":243,"column":78}},"type":"binary-expr","locations":[{"start":{"line":243,"column":16},"end":{"line":243,"column":29}},{"start":{"line":243,"column":33},"end":{"line":243,"column":78}}],"line":243},"25":{"loc":{"start":{"line":246,"column":4},"end":{"line":248,"column":5}},"type":"if","locations":[{"start":{"line":246,"column":4},"end":{"line":248,"column":5}},{"start":{"line":246,"column":4},"end":{"line":248,"column":5}}],"line":246},"26":{"loc":{"start":{"line":253,"column":4},"end":{"line":255,"column":5}},"type":"if","locations":[{"start":{"line":253,"column":4},"end":{"line":255,"column":5}},{"start":{"line":253,"column":4},"end":{"line":255,"column":5}}],"line":253},"27":{"loc":{"start":{"line":261,"column":8},"end":{"line":263,"column":9}},"type":"if","locations":[{"start":{"line":261,"column":8},"end":{"line":263,"column":9}},{"start":{"line":261,"column":8},"end":{"line":263,"column":9}}],"line":261},"28":{"loc":{"start":{"line":261,"column":12},"end":{"line":261,"column":39}},"type":"binary-expr","locations":[{"start":{"line":261,"column":12},"end":{"line":261,"column":29}},{"start":{"line":261,"column":33},"end":{"line":261,"column":39}}],"line":261},"29":{"loc":{"start":{"line":268,"column":8},"end":{"line":298,"column":9}},"type":"if","locations":[{"start":{"line":268,"column":8},"end":{"line":298,"column":9}},{"start":{"line":268,"column":8},"end":{"line":298,"column":9}}],"line":268},"30":{"loc":{"start":{"line":268,"column":12},"end":{"line":268,"column":60}},"type":"binary-expr","locations":[{"start":{"line":268,"column":12},"end":{"line":268,"column":35}},{"start":{"line":268,"column":39},"end":{"line":268,"column":60}}],"line":268},"31":{"loc":{"start":{"line":274,"column":16},"end":{"line":276,"column":17}},"type":"if","locations":[{"start":{"line":274,"column":16},"end":{"line":276,"column":17}},{"start":{"line":274,"column":16},"end":{"line":276,"column":17}}],"line":274},"32":{"loc":{"start":{"line":278,"column":35},"end":{"line":278,"column":77}},"type":"cond-expr","locations":[{"start":{"line":278,"column":48},"end":{"line":278,"column":65}},{"start":{"line":278,"column":68},"end":{"line":278,"column":77}}],"line":278},"33":{"loc":{"start":{"line":291,"column":16},"end":{"line":293,"column":17}},"type":"if","locations":[{"start":{"line":291,"column":16},"end":{"line":293,"column":17}},{"start":{"line":291,"column":16},"end":{"line":293,"column":17}}],"line":291},"34":{"loc":{"start":{"line":295,"column":35},"end":{"line":295,"column":77}},"type":"cond-expr","locations":[{"start":{"line":295,"column":48},"end":{"line":295,"column":65}},{"start":{"line":295,"column":68},"end":{"line":295,"column":77}}],"line":295},"35":{"loc":{"start":{"line":320,"column":8},"end":{"line":322,"column":9}},"type":"if","locations":[{"start":{"line":320,"column":8},"end":{"line":322,"column":9}},{"start":{"line":320,"column":8},"end":{"line":322,"column":9}}],"line":320},"36":{"loc":{"start":{"line":323,"column":8},"end":{"line":325,"column":9}},"type":"if","locations":[{"start":{"line":323,"column":8},"end":{"line":325,"column":9}},{"start":{"line":323,"column":8},"end":{"line":325,"column":9}}],"line":323},"37":{"loc":{"start":{"line":326,"column":8},"end":{"line":328,"column":9}},"type":"if","locations":[{"start":{"line":326,"column":8},"end":{"line":328,"column":9}},{"start":{"line":326,"column":8},"end":{"line":328,"column":9}}],"line":326},"38":{"loc":{"start":{"line":367,"column":8},"end":{"line":374,"column":9}},"type":"if","locations":[{"start":{"line":367,"column":8},"end":{"line":374,"column":9}},{"start":{"line":367,"column":8},"end":{"line":374,"column":9}}],"line":367},"39":{"loc":{"start":{"line":371,"column":12},"end":{"line":373,"column":13}},"type":"if","locations":[{"start":{"line":371,"column":12},"end":{"line":373,"column":13}},{"start":{"line":371,"column":12},"end":{"line":373,"column":13}}],"line":371},"40":{"loc":{"start":{"line":379,"column":8},"end":{"line":381,"column":9}},"type":"if","locations":[{"start":{"line":379,"column":8},"end":{"line":381,"column":9}},{"start":{"line":379,"column":8},"end":{"line":381,"column":9}}],"line":379},"41":{"loc":{"start":{"line":399,"column":8},"end":{"line":401,"column":9}},"type":"if","locations":[{"start":{"line":399,"column":8},"end":{"line":401,"column":9}},{"start":{"line":399,"column":8},"end":{"line":401,"column":9}}],"line":399}},"s":{"0":1,"1":1,"2":8,"3":8,"4":8,"5":7,"6":3,"7":2,"8":4,"9":1,"10":7,"11":7,"12":1,"13":6,"14":6,"15":1,"16":11,"17":11,"18":11,"19":11,"20":0,"21":1,"22":15,"23":2,"24":5,"25":4,"26":13,"27":1,"28":8,"29":0,"30":8,"31":0,"32":8,"33":5,"34":3,"35":2,"36":1,"37":7,"38":1,"39":14,"40":14,"41":14,"42":0,"43":14,"44":1,"45":3,"46":3,"47":3,"48":0,"49":3,"50":3,"51":3,"52":3,"53":3,"54":7,"55":7,"56":7,"57":0,"58":7,"59":7,"60":2,"61":2,"62":2,"63":5,"64":5,"65":5,"66":42,"67":5,"68":8,"69":3,"70":1,"71":2,"72":2,"73":2,"74":0,"75":2,"76":2,"77":2,"78":2,"79":0,"80":2,"81":2,"82":7,"83":7,"84":7,"85":1,"86":6,"87":6,"88":2,"89":2,"90":2,"91":2,"92":0,"93":2,"94":2,"95":4,"96":4,"97":4,"98":34,"99":4,"100":7,"101":7,"102":2,"103":5,"104":5,"105":2,"106":1,"107":1,"108":2,"109":2,"110":1,"111":2,"112":0,"113":2,"114":0,"115":1,"116":2,"117":2,"118":1,"119":2,"120":1,"121":2,"122":1,"123":1,"124":1,"125":1,"126":1,"127":1,"128":6,"129":5,"130":1,"131":1,"132":1,"133":1,"134":5,"135":5,"136":1,"137":1,"138":1,"139":1,"140":1,"141":1,"142":3,"143":3,"144":2,"145":1,"146":1,"147":1,"148":1,"149":1,"150":1},"f":{"0":8,"1":7,"2":11,"3":15,"4":8,"5":14,"6":14,"7":14,"8":3,"9":42,"10":2,"11":34,"12":1,"13":2,"14":2,"15":2,"16":2,"17":1,"18":1,"19":6,"20":5,"21":1},"b":{"0":[7,1],"1":[3,4],"2":[2,1],"3":[1,6],"4":[11,0],"5":[11,11],"6":[2,13],"7":[4,1],"8":[0,8],"9":[0,8],"10":[8,5],"11":[5,3],"12":[3,2],"13":[2,1],"14":[0,14],"15":[0],"16":[3,0],"17":[0,3],"18":[3,0],"19":[0,7],"20":[7,7],"21":[2,5],"22":[7,2],"23":[0],"24":[2,0],"25":[0,2],"26":[0,2],"27":[1,6],"28":[7,7],"29":[2,4],"30":[6,2],"31":[0,2],"32":[0,2],"33":[2,5],"34":[2,3],"35":[1,1],"36":[0,2],"37":[0,2],"38":[5,1],"39":[1,0],"40":[1,4],"41":[2,1]},"_coverageSchema":"1a1c01bbd47fc00a2c39e90264f33305004495a9","hash":"03894e3d60ae5eec66e73630d84afe2a48469e98"}
}
