TN:
SF:src/execCmd.js
FN:11,(anonymous_0)
FN:17,(anonymous_1)
FN:20,(anonymous_2)
FNF:3
FNH:0
FNDA:0,(anonymous_0)
FNDA:0,(anonymous_1)
FNDA:0,(anonymous_2)
DA:3,1
DA:11,1
DA:12,0
DA:13,0
DA:14,0
DA:16,0
DA:18,0
DA:21,0
DA:24,0
DA:25,0
DA:26,0
DA:29,0
DA:32,1
LF:13
LH:3
BRDA:25,0,0,0
BRDA:25,0,1,0
BRF:2
BRH:0
end_of_record
TN:
SF:src/utils.js
FN:26,(anonymous_0)
FN:51,(anonymous_1)
FN:66,(anonymous_2)
FN:87,(anonymous_3)
FN:107,(anonymous_4)
FN:150,(anonymous_5)
FN:160,(anonymous_6)
FN:161,(anonymous_7)
FN:179,(anonymous_8)
FN:218,(anonymous_9)
FN:237,(anonymous_10)
FN:287,(anonymous_11)
FN:312,(anonymous_12)
FN:334,(anonymous_13)
FN:337,(anonymous_14)
FN:339,(anonymous_15)
FN:342,(anonymous_16)
FN:343,(anonymous_17)
FN:353,(anonymous_18)
FN:365,(anonymous_19)
FN:377,(anonymous_20)
FN:391,(anonymous_21)
FNF:22
FNH:22
FNDA:8,(anonymous_0)
FNDA:7,(anonymous_1)
FNDA:11,(anonymous_2)
FNDA:15,(anonymous_3)
FNDA:8,(anonymous_4)
FNDA:14,(anonymous_5)
FNDA:14,(anonymous_6)
FNDA:14,(anonymous_7)
FNDA:3,(anonymous_8)
FNDA:42,(anonymous_9)
FNDA:2,(anonymous_10)
FNDA:34,(anonymous_11)
FNDA:1,(anonymous_12)
FNDA:2,(anonymous_13)
FNDA:2,(anonymous_14)
FNDA:2,(anonymous_15)
FNDA:2,(anonymous_16)
FNDA:1,(anonymous_17)
FNDA:1,(anonymous_18)
FNDA:6,(anonymous_19)
FNDA:5,(anonymous_20)
FNDA:1,(anonymous_21)
DA:9,1
DA:26,1
DA:32,8
DA:33,8
DA:34,8
DA:35,7
DA:36,3
DA:37,2
DA:40,4
DA:51,1
DA:52,7
DA:53,7
DA:54,1
DA:56,6
DA:57,6
DA:66,1
DA:69,11
DA:70,11
DA:71,11
DA:72,11
DA:78,0
DA:87,1
DA:88,15
DA:89,2
DA:90,5
DA:91,4
DA:95,13
DA:107,1
DA:112,8
DA:113,0
DA:118,8
DA:122,0
DA:127,8
DA:128,5
DA:134,3
DA:135,2
DA:137,1
DA:139,7
DA:150,1
DA:157,14
DA:161,14
DA:162,14
DA:163,0
DA:165,14
DA:179,1
DA:185,3
DA:186,3
DA:187,3
DA:188,0
DA:191,3
DA:192,3
DA:193,3
DA:194,3
DA:195,3
DA:196,7
DA:197,7
DA:198,7
DA:199,0
DA:202,7
DA:205,7
DA:206,2
DA:207,2
DA:208,2
DA:213,5
DA:217,5
DA:218,42
DA:220,5
DA:221,8
DA:226,3
DA:237,1
DA:243,2
DA:244,2
DA:246,2
DA:247,0
DA:250,2
DA:251,2
DA:252,2
DA:253,2
DA:254,0
DA:257,2
DA:258,2
DA:259,7
DA:260,7
DA:261,7
DA:262,1
DA:265,6
DA:268,6
DA:269,2
DA:271,2
DA:272,2
DA:274,2
DA:275,0
DA:278,2
DA:279,2
DA:282,4
DA:286,4
DA:287,34
DA:288,4
DA:290,7
DA:291,7
DA:292,2
DA:295,5
DA:296,5
DA:300,2
DA:312,1
DA:318,1
DA:319,2
DA:320,2
DA:321,1
DA:323,2
DA:324,0
DA:326,2
DA:327,0
DA:331,1
DA:334,2
DA:337,2
DA:338,1
DA:339,2
DA:341,1
DA:342,2
DA:343,1
DA:344,1
DA:353,1
DA:361,1
DA:362,1
DA:365,1
DA:367,6
DA:368,5
DA:370,1
DA:371,1
DA:372,1
DA:377,1
DA:378,5
DA:379,5
DA:380,1
DA:384,1
DA:391,1
DA:393,1
DA:394,1
DA:396,1
DA:398,3
DA:399,3
DA:400,2
DA:404,1
DA:407,1
DA:408,1
DA:409,1
DA:410,1
DA:411,1
LF:149
LH:138
BRDA:34,0,0,7
BRDA:34,0,1,1
BRDA:35,1,0,3
BRDA:35,1,1,4
BRDA:36,2,0,2
BRDA:36,2,1,1
BRDA:53,3,0,1
BRDA:53,3,1,6
BRDA:70,4,0,11
BRDA:70,4,1,0
BRDA:70,5,0,11
BRDA:70,5,1,11
BRDA:88,6,0,2
BRDA:88,6,1,13
BRDA:90,7,0,4
BRDA:90,7,1,1
BRDA:112,8,0,0
BRDA:112,8,1,8
BRDA:118,9,0,0
BRDA:118,9,1,8
BRDA:119,10,0,8
BRDA:119,10,1,5
BRDA:127,11,0,5
BRDA:127,11,1,3
BRDA:129,12,0,3
BRDA:129,12,1,2
BRDA:134,13,0,2
BRDA:134,13,1,1
BRDA:162,14,0,0
BRDA:162,14,1,14
BRDA:183,15,0,0
BRDA:185,16,0,3
BRDA:185,16,1,0
BRDA:187,17,0,0
BRDA:187,17,1,3
BRDA:194,18,0,3
BRDA:194,18,1,0
BRDA:198,19,0,0
BRDA:198,19,1,7
BRDA:198,20,0,7
BRDA:198,20,1,7
BRDA:205,21,0,2
BRDA:205,21,1,5
BRDA:205,22,0,7
BRDA:205,22,1,2
BRDA:241,23,0,0
BRDA:243,24,0,2
BRDA:243,24,1,0
BRDA:246,25,0,0
BRDA:246,25,1,2
BRDA:253,26,0,0
BRDA:253,26,1,2
BRDA:261,27,0,1
BRDA:261,27,1,6
BRDA:261,28,0,7
BRDA:261,28,1,7
BRDA:268,29,0,2
BRDA:268,29,1,4
BRDA:268,30,0,6
BRDA:268,30,1,2
BRDA:274,31,0,0
BRDA:274,31,1,2
BRDA:278,32,0,0
BRDA:278,32,1,2
BRDA:291,33,0,2
BRDA:291,33,1,5
BRDA:295,34,0,2
BRDA:295,34,1,3
BRDA:320,35,0,1
BRDA:320,35,1,1
BRDA:323,36,0,0
BRDA:323,36,1,2
BRDA:326,37,0,0
BRDA:326,37,1,2
BRDA:367,38,0,5
BRDA:367,38,1,1
BRDA:371,39,0,1
BRDA:371,39,1,0
BRDA:379,40,0,1
BRDA:379,40,1,4
BRDA:399,41,0,2
BRDA:399,41,1,1
BRF:82
BRH:64
end_of_record
